<?xml version="1.0" encoding="UTF-8"?>
<testsuite xmlns:xsi="http://www.w3.org/2001/XMLSchema-instance" xsi:noNamespaceSchemaLocation="https://maven.apache.org/surefire/maven-surefire-plugin/xsd/surefire-test-report-3.0.xsd" version="3.0" name="org.sakaiproject.user.impl.PasswordServiceTest" time="0.514" tests="9" errors="0" skipped="0" failures="0">
  <properties>
[...]
</properties>
  <testcase name="testEncryptOk" classname="org.sakaiproject.user.impl.PasswordServiceTest" time="0.182"/>
  <testcase name="testOldPassword" classname="org.sakaiproject.user.impl.PasswordServiceTest" time="0.001"/>
  <testcase name="testUnsaltedSHA256" classname="org.sakaiproject.user.impl.PasswordServiceTest" time="0.001"/>
  <testcase name="testEncryptFail" classname="org.sakaiproject.user.impl.PasswordServiceTest" time="0"/>
  <testcase name="testRoundTripMigrated" classname="org.sakaiproject.user.impl.PasswordServiceTest" time="0.002"/>
  <testcase name="testGoodPassword" classname="org.sakaiproject.user.impl.PasswordServiceTest" time="0.084"/>
  <testcase name="testEncrpt" classname="org.sakaiproject.user.impl.PasswordServiceTest" time="0.061"/>
  <testcase name="testMigratedPasswords" classname="org.sakaiproject.user.impl.PasswordServiceTest" time="0"/>
  <testcase name="testCheckCharacterRange" classname="org.sakaiproject.user.impl.PasswordServiceTest" time="0.089"/>
</testsuite>